<?xml version="1.0" encoding="utf-8"?><testsuites name="pytest tests"><testsuite name="pytest" errors="0" failures="0" skipped="0" tests="25" time="6.290" timestamp="2026-05-13T08:09:12.388060+00:00" hostname="agent-env-17e13efb-9e7f-437b-b234-8f298c58548c"><testcase classname="backend.tests.backend_test.TestHealth" name="test_health_ok" time="0.837" /><testcase classname="backend.tests.backend_test.TestAuth" name="test_signup_returns_bearer_and_user" time="0.353" /><testcase classname="backend.tests.backend_test.TestAuth" name="test_signup_duplicate_400" time="0.043" /><testcase classname="backend.tests.backend_test.TestAuth" name="test_login_success" time="0.289" /><testcase classname="backend.tests.backend_test.TestAuth" name="test_login_invalid" time="0.287" /><testcase classname="backend.tests.backend_test.TestAuth" name="test_me_with_token" time="0.049" /><testcase classname="backend.tests.backend_test.TestAuth" name="test_me_no_token_401" time="0.044" /><testcase classname="backend.tests.backend_test.TestAuth" name="test_me_invalid_token_401" time="0.044" /><testcase classname="backend.tests.backend_test.TestChatFlow" name="test_chat_creates_conversation_and_calls_groq" time="0.236" /><testcase classname="backend.tests.backend_test.TestChatFlow" name="test_list_conversations" time="0.049" /><testcase classname="backend.tests.backend_test.TestChatFlow" name="test_get_conversation_detail" time="0.048" /><testcase classname="backend.tests.backend_test.TestChatFlow" name="test_get_message_by_id" time="0.044" /><testcase classname="backend.tests.backend_test.TestChatFlow" name="test_chat_use_files_true_still_works" time="0.148" /><testcase classname="backend.tests.backend_test.TestChatFlow" name="test_empty_message_rejected" time="0.044" /><testcase classname="backend.tests.backend_test.TestFiles" name="test_upload_txt" time="0.099" /><testcase classname="backend.tests.backend_test.TestFiles" name="test_upload_rejects_unsupported" time="0.150" /><testcase classname="backend.tests.backend_test.TestFiles" name="test_upload_too_large" time="0.482" /><testcase classname="backend.tests.backend_test.TestFiles" name="test_list_files" time="0.044" /><testcase classname="backend.tests.backend_test.TestFiles" name="test_delete_file" time="0.089" /><testcase classname="backend.tests.backend_test.TestDashboard" name="test_dashboard_stats" time="0.055" /><testcase classname="backend.tests.backend_test.TestIsolation" name="test_user_b_cannot_see_user_a_conversation" time="0.329" /><testcase classname="backend.tests.backend_test.TestIsolation" name="test_user_b_cannot_see_user_a_message" time="0.045" /><testcase classname="backend.tests.backend_test.TestIsolation" name="test_user_b_files_list_isolated" time="0.043" /><testcase classname="backend.tests.backend_test.TestOAuthSessionBearer" name="test_session_token_works_as_bearer" time="2.030" /><testcase classname="backend.tests.backend_test.TestConversationDelete" name="test_delete_conversation" time="0.132" /></testsuite></testsuites>